\BOOKMARK [0][-]{section*.1}{Resumen}{}% 1
\BOOKMARK [0][-]{chapter.1}{Introducci\363n general}{}% 2
\BOOKMARK [1][-]{section.1.1}{Medici\363n del consumo el\351ctrico domiciliario}{chapter.1}% 3
\BOOKMARK [1][-]{section.1.2}{Medici\363n inteligente}{chapter.1}% 4
\BOOKMARK [1][-]{section.1.3}{Soluciones disponibles en el mercado}{chapter.1}% 5
\BOOKMARK [1][-]{section.1.4}{Motivaci\363n}{chapter.1}% 6
\BOOKMARK [1][-]{section.1.5}{Objetivos y alcance}{chapter.1}% 7
\BOOKMARK [0][-]{chapter.2}{Introducci\363n espec\355fica}{}% 8
\BOOKMARK [1][-]{section.2.1}{Requerimientos}{chapter.2}% 9
\BOOKMARK [2][-]{subsection.2.1.1}{Requerimientos funcionales}{section.2.1}% 10
\BOOKMARK [2][-]{subsection.2.1.2}{Requerimientos no funcionales}{section.2.1}% 11
\BOOKMARK [1][-]{section.2.2}{Esquema general del sistema}{chapter.2}% 12
\BOOKMARK [2][-]{subsection.2.2.1}{Conversor \363ptico-el\351ctrico}{section.2.2}% 13
\BOOKMARK [2][-]{subsection.2.2.2}{Microcontrolador}{section.2.2}% 14
\BOOKMARK [2][-]{subsection.2.2.3}{Transceptor Wi-Fi}{section.2.2}% 15
\BOOKMARK [2][-]{subsection.2.2.4}{Transceptor LoRa}{section.2.2}% 16
\BOOKMARK [2][-]{subsection.2.2.5}{Reloj en tiempo real}{section.2.2}% 17
\BOOKMARK [2][-]{subsection.2.2.6}{Memoria no vol\341til}{section.2.2}% 18
\BOOKMARK [1][-]{section.2.3}{Planificaci\363n}{chapter.2}% 19
\BOOKMARK [0][-]{chapter.3}{Dise\361o e implementaci\363n}{}% 20
\BOOKMARK [1][-]{section.3.1}{Prototipo de pruebas}{chapter.3}% 21
\BOOKMARK [2][-]{subsection.3.1.1}{Microcontrolador + Wi-Fi}{section.3.1}% 22
\BOOKMARK [2][-]{subsection.3.1.2}{Transceptor LoRa}{section.3.1}% 23
\BOOKMARK [2][-]{subsection.3.1.3}{RTC + EEPROM}{section.3.1}% 24
\BOOKMARK [2][-]{subsection.3.1.4}{Conversor \363ptico-el\351ctrico}{section.3.1}% 25
\BOOKMARK [1][-]{section.3.2}{Dise\361o de firmware}{chapter.3}% 26
\BOOKMARK [2][-]{subsection.3.2.1}{DATA LOGGER}{section.3.2}% 27
\BOOKMARK [2][-]{subsection.3.2.2}{DATA COMMUNICATION}{section.3.2}% 28
\BOOKMARK [2][-]{subsection.3.2.3}{WEB SERVER}{section.3.2}% 29
\BOOKMARK [1][-]{section.3.3}{Interfaz web}{chapter.3}% 30
\BOOKMARK [1][-]{section.3.4}{Prototipo comercial}{chapter.3}% 31
\BOOKMARK [0][-]{chapter.4}{Ensayos y resultados}{}% 32
\BOOKMARK [1][-]{section.4.1}{Pruebas unitarias}{chapter.4}% 33
\BOOKMARK [1][-]{section.4.2}{Pruebas funcionales de firmware}{chapter.4}% 34
\BOOKMARK [1][-]{section.4.3}{Pruebas de la interfaz web}{chapter.4}% 35
\BOOKMARK [1][-]{section.4.4}{Pruebas de laboratorio}{chapter.4}% 36
\BOOKMARK [1][-]{section.4.5}{Pruebas del transceptor LoRa}{chapter.4}% 37
\BOOKMARK [0][-]{chapter.5}{Conclusiones}{}% 38
\BOOKMARK [1][-]{section.5.1}{Conclusiones generales }{chapter.5}% 39
\BOOKMARK [1][-]{section.5.2}{Pr\363ximos pasos}{chapter.5}% 40
\BOOKMARK [0][-]{appendix*.81}{Bibliograf\355a}{}% 41
